<?xml version="1.0" encoding="UTF-8"?>
<!-- Generated by org.testng.reporters.JUnitReportReporter -->
<testsuite hostname="Ishanth" failures="0" tests="3" name="com.crm.qa.testcases.HomePageTest" time="82.039" errors="0" timestamp="20 Jan 2019 18:48:43 GMT" skipped="0">
  <testcase classname="com.crm.qa.testcases.HomePageTest" name="verifyHomePageTitleTest" time="19.226"/>
  <testcase classname="com.crm.qa.testcases.HomePageTest" name="verifyUserNameTest" time="37.229"/>
  <testcase classname="com.crm.qa.testcases.HomePageTest" name="verifyContactsLinkTest" time="25.584"/>
</testsuite> <!-- com.crm.qa.testcases.HomePageTest -->
