<?xml version="1.0" encoding="UTF-8"?>
<!-- Generated by org.testng.reporters.JUnitReportReporter -->
<testsuite hostname="Ishanth" failures="0" tests="4" name="com.crm.qa.testcases.LoginPageTest" time="42.411" errors="0" timestamp="20 Jan 2019 22:34:05 GMT" skipped="0">
  <testcase classname="com.crm.qa.testcases.LoginPageTest" name="featuresLinkTest" time="12.014"/>
  <testcase classname="com.crm.qa.testcases.LoginPageTest" name="loginPageTitleTest" time="9.010"/>
  <testcase classname="com.crm.qa.testcases.LoginPageTest" name="crmLogoImageTest" time="8.754"/>
  <testcase classname="com.crm.qa.testcases.LoginPageTest" name="loginTest" time="12.633"/>
</testsuite> <!-- com.crm.qa.testcases.LoginPageTest -->
