<?xml version="1.0" encoding="UTF-8"?>
<!-- Generated by org.testng.reporters.JUnitReportReporter -->
<testsuite hostname="Ishanth" failures="0" tests="1" name="com.crm.qa.testcases.FreeCrmTest" time="8.329" errors="0" timestamp="20 Jan 2019 19:23:08 GMT" skipped="0">
  <testcase classname="com.crm.qa.testcases.FreeCrmTest" name="freeCrmTitleTest" time="8.329"/>
</testsuite> <!-- com.crm.qa.testcases.FreeCrmTest -->
